#
# There is insufficient memory for the Java Runtime Environment to continue.
# Native memory allocation (mmap) failed to map 662700032 bytes for G1 virtual space
# Possible reasons:
#   The system is out of physical RAM or swap space
#   The process is running with CompressedOops enabled, and the Java Heap may be blocking the growth of the native heap
# Possible solutions:
#   Reduce memory load on the system
#   Increase physical memory or swap space
#   Check if swap backing store is full
#   Decrease Java heap size (-Xmx/-Xms)
#   Decrease number of Java threads
#   Decrease Java thread stack sizes (-Xss)
#   Set larger code cache with -XX:ReservedCodeCacheSize=
#   JVM is running with Zero Based Compressed Oops mode in which the Java heap is
#     placed in the first 32GB address space. The Java Heap base address is the
#     maximum limit for the native heap growth. Please use -XX:HeapBaseMinAddress
#     to set the Java Heap base and to place the Java Heap above 32GB virtual address.
# This output file may be truncated or incomplete.
#
#  Out of Memory Error (os_windows.cpp:3541), pid=12460, tid=14364
#
# JRE version: OpenJDK Runtime Environment Temurin-17.0.4.1+1 (17.0.4.1+1) (build 17.0.4.1+1)
# Java VM: OpenJDK 64-Bit Server VM Temurin-17.0.4.1+1 (17.0.4.1+1, mixed mode, emulated-client, tiered, compressed oops, compressed class ptrs, g1 gc, windows-amd64)
# No core dump will be written. Minidumps are not enabled by default on client versions of Windows
#

---------------  S U M M A R Y ------------

Command Line: -Dsts.lsp.client=vscode -Dsts.log.file=/dev/null -XX:TieredStopAtLevel=1 -Xlog:jni+resolve=off -Dspring.config.location=file:c:\Users\pedro\.vscode\extensions\pivotal.vscode-spring-boot-1.40.0\language-server\BOOT-INF\classes\application.properties org.springframework.ide.vscode.boot.app.BootLanguageServerBootApp

Host: AMD Ryzen 7 5700U with Radeon Graphics         , 16 cores, 11G,  Windows 10 , 64 bit Build 19041 (10.0.19041.1889)
Time: Wed Nov 16 18:11:08 2022 Hora Padrão de Bogotá elapsed time: 9.168600 seconds (0d 0h 0m 9s)

---------------  T H R E A D  ---------------

Current thread (0x000002002cb840e0):  VMThread "VM Thread" [stack: 0x000000716b100000,0x000000716b200000] [id=14364]

Stack: [0x000000716b100000,0x000000716b200000]
Native frames: (J=compiled Java code, j=interpreted, Vv=VM code, C=native code)
V  [jvm.dll+0x67731a]
V  [jvm.dll+0x832284]
V  [jvm.dll+0x833a2e]
V  [jvm.dll+0x834093]
V  [jvm.dll+0x245775]
V  [jvm.dll+0x674209]
V  [jvm.dll+0x668a92]
V  [jvm.dll+0x30471b]
V  [jvm.dll+0x30bc66]
V  [jvm.dll+0x35ba9e]
V  [jvm.dll+0x35bccf]
V  [jvm.dll+0x2db5b8]
V  [jvm.dll+0x2d986c]
V  [jvm.dll+0x2d8e3c]
V  [jvm.dll+0x31cd9b]
V  [jvm.dll+0x83853b]
V  [jvm.dll+0x839274]
V  [jvm.dll+0x83978c]
V  [jvm.dll+0x839b64]
V  [jvm.dll+0x839c30]
V  [jvm.dll+0x7e240a]
V  [jvm.dll+0x6761a5]
C  [ucrtbase.dll+0x21bb2]
C  [KERNEL32.DLL+0x17034]
C  [ntdll.dll+0x526a1]

VM_Operation (0x000000716e2fdf90): G1CollectForAllocation, mode: safepoint, requested by thread 0x000002002ed7b840


---------------  P R O C E S S  ---------------

Threads class SMR info:
_java_thread_list=0x000002002d49a2e0, length=52, elements={
0x000002002d419280, 0x000002002d41a150, 0x000002002cb98860, 0x000002002d4366c0,
0x000002002d4380e0, 0x000002002d43ab00, 0x000002002d43b660, 0x000002002d43f460,
0x000002002d642e10, 0x000002002d652370, 0x000002002d65ab30, 0x000002002d65d010,
0x000002002e034030, 0x000002002e0cd3b0, 0x000002002e099420, 0x000002002ebb5c90,
0x000002002ebb6f90, 0x000002001cc28420, 0x000002002ea35060, 0x000002002ecdc9f0,
0x000002002ecdf2d0, 0x000002002ed61980, 0x000002002ed49fa0, 0x000002002ed7a030,
0x000002002ed7c1e0, 0x000002002ed7a500, 0x000002002ed7a9d0, 0x000002002ed7cb80,
0x000002002ed7aea0, 0x000002002ed7b370, 0x000002002ed79b60, 0x000002002ed7bd10,
0x000002002ed7d520, 0x000002002ed7d050, 0x000002002ed7b840, 0x000002002ed7c6b0,
0x000002002ee3c780, 0x000002002ee39760, 0x000002002ee375b0, 0x000002002ee3c2b0,
0x000002002ee3d5f0, 0x000002002ee3b910, 0x000002002ee3bde0, 0x000002002ee3e460,
0x000002002ee3af70, 0x000002002ee39c30, 0x000002002ee3cc50, 0x000002002ee370e0,
0x000002002ee38dc0, 0x0000020031531640, 0x0000020031547a10, 0x0000020031548be0
}

Java Threads: ( => current thread )
  0x000002002d419280 JavaThread "Reference Handler" daemon [_thread_blocked, id=13260, stack(0x000000716b200000,0x000000716b300000)]
  0x000002002d41a150 JavaThread "Finalizer" daemon [_thread_blocked, id=11604, stack(0x000000716b300000,0x000000716b400000)]
  0x000002002cb98860 JavaThread "Signal Dispatcher" daemon [_thread_blocked, id=15224, stack(0x000000716b400000,0x000000716b500000)]
  0x000002002d4366c0 JavaThread "Attach Listener" daemon [_thread_blocked, id=2328, stack(0x000000716b500000,0x000000716b600000)]
  0x000002002d4380e0 JavaThread "Service Thread" daemon [_thread_blocked, id=10256, stack(0x000000716b600000,0x000000716b700000)]
  0x000002002d43ab00 JavaThread "Monitor Deflation Thread" daemon [_thread_blocked, id=892, stack(0x000000716b700000,0x000000716b800000)]
  0x000002002d43b660 JavaThread "C1 CompilerThread0" daemon [_thread_blocked, id=8656, stack(0x000000716b800000,0x000000716b900000)]
  0x000002002d43f460 JavaThread "Sweeper thread" daemon [_thread_blocked, id=14872, stack(0x000000716b900000,0x000000716ba00000)]
  0x000002002d642e10 JavaThread "C1 CompilerThread1" daemon [_thread_blocked, id=2700, stack(0x000000716ba00000,0x000000716bb00000)]
  0x000002002d652370 JavaThread "C1 CompilerThread2" daemon [_thread_blocked, id=13456, stack(0x000000716bb00000,0x000000716bc00000)]
  0x000002002d65ab30 JavaThread "Notification Thread" daemon [_thread_blocked, id=15552, stack(0x000000716bc00000,0x000000716bd00000)]
  0x000002002d65d010 JavaThread "Common-Cleaner" daemon [_thread_blocked, id=12764, stack(0x000000716be00000,0x000000716bf00000)]
  0x000002002e034030 JavaThread "C1 CompilerThread3" daemon [_thread_blocked, id=8060, stack(0x000000716bf00000,0x000000716c000000)]
  0x000002002e0cd3b0 JavaThread "C1 CompilerThread4" daemon [_thread_blocked, id=15336, stack(0x000000716c000000,0x000000716c100000)]
  0x000002002e099420 JavaThread "boundedElastic-evictor-1" daemon [_thread_blocked, id=10476, stack(0x000000716cf00000,0x000000716d000000)]
  0x000002002ebb5c90 JavaThread "pool-9-thread-1" [_thread_blocked, id=8976, stack(0x000000716d000000,0x000000716d100000)]
  0x000002002ebb6f90 JavaThread "LanguageServerApp-lifecycle" [_thread_blocked, id=14900, stack(0x000000716d100000,0x000000716d200000)]
  0x000002001cc28420 JavaThread "DestroyJavaVM" [_thread_blocked, id=10312, stack(0x000000716ab00000,0x000000716ac00000)]
  0x000002002ea35060 JavaThread "pool-10-thread-1" [_thread_blocked, id=12936, stack(0x000000716d200000,0x000000716d300000)]
  0x000002002ecdc9f0 JavaThread "Simple-Language-Server main thread" daemon [_thread_blocked, id=5900, stack(0x000000716d300000,0x000000716d400000)]
  0x000002002ecdf2d0 JavaThread "ForkJoinPool.commonPool-worker-1" daemon [_thread_blocked, id=1772, stack(0x000000716d400000,0x000000716d500000)]
  0x000002002ed61980 JavaThread "pool-7-thread-1" [_thread_blocked, id=5564, stack(0x000000716d500000,0x000000716d600000)]
  0x000002002ed49fa0 JavaThread "parallel-1" daemon [_thread_blocked, id=1592, stack(0x000000716d600000,0x000000716d700000)]
  0x000002002ed7a030 JavaThread "ClassGraph-worker-0" daemon [_thread_blocked, id=4000, stack(0x000000716d700000,0x000000716d800000)]
  0x000002002ed7c1e0 JavaThread "ClassGraph-worker-1" daemon [_thread_blocked, id=8964, stack(0x000000716d800000,0x000000716d900000)]
  0x000002002ed7a500 JavaThread "ClassGraph-worker-2" daemon [_thread_blocked, id=6340, stack(0x000000716d900000,0x000000716da00000)]
  0x000002002ed7a9d0 JavaThread "ClassGraph-worker-3" daemon [_thread_blocked, id=9324, stack(0x000000716da00000,0x000000716db00000)]
  0x000002002ed7cb80 JavaThread "ClassGraph-worker-4" daemon [_thread_blocked, id=12728, stack(0x000000716db00000,0x000000716dc00000)]
  0x000002002ed7aea0 JavaThread "ClassGraph-worker-5" daemon [_thread_blocked, id=12964, stack(0x000000716dc00000,0x000000716dd00000)]
  0x000002002ed7b370 JavaThread "ClassGraph-worker-6" daemon [_thread_blocked, id=14432, stack(0x000000716dd00000,0x000000716de00000)]
  0x000002002ed79b60 JavaThread "ClassGraph-worker-7" daemon [_thread_blocked, id=5904, stack(0x000000716de00000,0x000000716df00000)]
  0x000002002ed7bd10 JavaThread "ClassGraph-worker-8" daemon [_thread_blocked, id=10028, stack(0x000000716df00000,0x000000716e000000)]
  0x000002002ed7d520 JavaThread "ClassGraph-worker-9" daemon [_thread_blocked, id=7612, stack(0x000000716e000000,0x000000716e100000)]
  0x000002002ed7d050 JavaThread "ClassGraph-worker-10" daemon [_thread_blocked, id=5272, stack(0x000000716e100000,0x000000716e200000)]
  0x000002002ed7b840 JavaThread "ClassGraph-worker-11" daemon [_thread_blocked, id=9916, stack(0x000000716e200000,0x000000716e300000)]
  0x000002002ed7c6b0 JavaThread "ClassGraph-worker-12" daemon [_thread_blocked, id=7452, stack(0x000000716e300000,0x000000716e400000)]
  0x000002002ee3c780 JavaThread "ClassGraph-worker-13" daemon [_thread_blocked, id=5164, stack(0x000000716e400000,0x000000716e500000)]
  0x000002002ee39760 JavaThread "ClassGraph-worker-14" daemon [_thread_blocked, id=15816, stack(0x000000716e500000,0x000000716e600000)]
  0x000002002ee375b0 JavaThread "ClassGraph-worker-15" daemon [_thread_blocked, id=14768, stack(0x000000716e600000,0x000000716e700000)]
  0x000002002ee3c2b0 JavaThread "ClassGraph-worker-16" daemon [_thread_blocked, id=9064, stack(0x000000716e700000,0x000000716e800000)]
  0x000002002ee3d5f0 JavaThread "ClassGraph-worker-17" daemon [_thread_blocked, id=12176, stack(0x000000716e800000,0x000000716e900000)]
  0x000002002ee3b910 JavaThread "ClassGraph-worker-18" daemon [_thread_blocked, id=2696, stack(0x000000716e900000,0x000000716ea00000)]
  0x000002002ee3bde0 JavaThread "ClassGraph-worker-19" daemon [_thread_blocked, id=15692, stack(0x000000716ea00000,0x000000716eb00000)]
  0x000002002ee3e460 JavaThread "ClassGraph-worker-20" daemon [_thread_blocked, id=13992, stack(0x000000716eb00000,0x000000716ec00000)]
  0x000002002ee3af70 JavaThread "ClassGraph-worker-21" daemon [_thread_blocked, id=12592, stack(0x000000716ec00000,0x000000716ed00000)]
  0x000002002ee39c30 JavaThread "ClassGraph-worker-22" daemon [_thread_blocked, id=16352, stack(0x000000716ed00000,0x000000716ee00000)]
  0x000002002ee3cc50 JavaThread "ClassGraph-worker-23" daemon [_thread_blocked, id=5928, stack(0x000000716ee00000,0x000000716ef00000)]
  0x000002002ee370e0 JavaThread "Reconciler-1" daemon [_thread_blocked, id=11064, stack(0x000000716ef00000,0x000000716f000000)]
  0x000002002ee38dc0 JavaThread "parallel-2" daemon [_thread_blocked, id=14924, stack(0x000000716f000000,0x000000716f100000)]
  0x0000020031531640 JavaThread "C1 CompilerThread5" daemon [_thread_blocked, id=4624, stack(0x000000716f200000,0x000000716f300000)]
  0x0000020031547a10 JavaThread "C1 CompilerThread6" daemon [_thread_blocked, id=12500, stack(0x000000716f300000,0x000000716f400000)]
  0x0000020031548be0 JavaThread "C1 CompilerThread7" daemon [_thread_blocked, id=15904, stack(0x000000716f400000,0x000000716f500000)]

Other Threads:
=>0x000002002cb840e0 VMThread "VM Thread" [stack: 0x000000716b100000,0x000000716b200000] [id=14364]
  0x000002002d61d000 WatcherThread [stack: 0x000000716bd00000,0x000000716be00000] [id=4256]
  0x000002001cc7fbb0 GCTaskThread "GC Thread#0" [stack: 0x000000716ac00000,0x000000716ad00000] [id=12368]
  0x000002002e296040 GCTaskThread "GC Thread#1" [stack: 0x000000716c100000,0x000000716c200000] [id=15736]
  0x000002002e2962f0 GCTaskThread "GC Thread#2" [stack: 0x000000716c200000,0x000000716c300000] [id=6072]
  0x000002002e03c1b0 GCTaskThread "GC Thread#3" [stack: 0x000000716c300000,0x000000716c400000] [id=13024]
  0x000002002e2be810 GCTaskThread "GC Thread#4" [stack: 0x000000716c400000,0x000000716c500000] [id=11244]
  0x000002002e2beac0 GCTaskThread "GC Thread#5" [stack: 0x000000716c500000,0x000000716c600000] [id=10932]
  0x000002002e42d140 GCTaskThread "GC Thread#6" [stack: 0x000000716c600000,0x000000716c700000] [id=3888]
  0x000002002e49cfb0 GCTaskThread "GC Thread#7" [stack: 0x000000716c700000,0x000000716c800000] [id=14380]
  0x000002002e49d260 GCTaskThread "GC Thread#8" [stack: 0x000000716c800000,0x000000716c900000] [id=12736]
  0x000002002e49d510 GCTaskThread "GC Thread#9" [stack: 0x000000716c900000,0x000000716ca00000] [id=13060]
  0x000002002e5953a0 GCTaskThread "GC Thread#10" [stack: 0x000000716cb00000,0x000000716cc00000] [id=15916]
  0x000002002e6612c0 GCTaskThread "GC Thread#11" [stack: 0x000000716cc00000,0x000000716cd00000] [id=12716]
  0x000002002e95bf60 GCTaskThread "GC Thread#12" [stack: 0x000000716ca00000,0x000000716cb00000] [id=11696]
  0x000002001cc8c110 ConcurrentGCThread "G1 Main Marker" [stack: 0x000000716ad00000,0x000000716ae00000] [id=15320]
  0x000002001cc8ca30 ConcurrentGCThread "G1 Conc#0" [stack: 0x000000716ae00000,0x000000716af00000] [id=9244]
  0x000002002e5fa0e0 ConcurrentGCThread "G1 Conc#1" [stack: 0x000000716cd00000,0x000000716ce00000] [id=4676]
  0x000002002e5c7980 ConcurrentGCThread "G1 Conc#2" [stack: 0x000000716ce00000,0x000000716cf00000] [id=3548]
  0x000002002c9f30d0 ConcurrentGCThread "G1 Refine#0" [stack: 0x000000716af00000,0x000000716b000000] [id=13964]
  0x000002002ed01f80 ConcurrentGCThread "G1 Refine#1" [stack: 0x000000716f100000,0x000000716f200000] [id=8064]
  0x000002002c9f3a00 ConcurrentGCThread "G1 Service" [stack: 0x000000716b000000,0x000000716b100000] [id=3608]

Threads with active compile tasks:

VM state: at safepoint (normal execution)

VM Mutex/Monitor currently owned by a thread:  ([mutex/lock_event])
[0x000002001a98ab50] Threads_lock - owner thread: 0x000002002cb840e0
[0x000002001cc25f40] Heap_lock - owner thread: 0x000002002ed7b840

Heap address: 0x000000074a400000, size: 2908 MB, Compressed Oops mode: Zero based, Oop shift amount: 3

CDS archive(s) not mapped
Compressed class space mapped at: 0x0000000800000000-0x0000000840000000, reserved size: 1073741824
Narrow klass base: 0x0000000800000000, Narrow klass shift: 0, Narrow klass range: 0x40000000

GC Precious Log:
 CPUs: 16 total, 16 available
 Memory: 11626M
 Large Page Support: Disabled
 NUMA Support: Disabled
 Compressed Oops: Enabled (Zero based)
 Heap Region Size: 2M
 Heap Min Capacity: 8M
 Heap Initial Capacity: 182M
 Heap Max Capacity: 2908M
 Pre-touch: Disabled
 Parallel Workers: 13
 Concurrent Workers: 3
 Concurrent Refinement Workers: 13
 Periodic GC: Disabled

Heap:
 garbage-first heap   total 387072K, used 102984K [0x000000074a400000, 0x0000000800000000)
  region size 2048K, 9 young (18432K), 9 survivors (18432K)
 Metaspace       used 35563K, committed 35904K, reserved 1081344K
  class space    used 4610K, committed 4800K, reserved 1048576K

Heap Regions: E=young(eden), S=young(survivor), O=old, HS=humongous(starts), HC=humongous(continues), CS=collection set, F=free, OA=open archive, CA=closed archive, TAMS=top-at-mark-start (previous, next)
|   0|0x000000074a400000, 0x000000074a600000, 0x000000074a600000|100%| O|  |TAMS 0x000000074a600000, 0x000000074a400000| Untracked 
|   1|0x000000074a600000, 0x000000074a800000, 0x000000074a800000|100%| O|  |TAMS 0x000000074a800000, 0x000000074a600000| Untracked 
|   2|0x000000074a800000, 0x000000074aa00000, 0x000000074aa00000|100%| O|  |TAMS 0x000000074aa00000, 0x000000074a800000| Untracked 
|   3|0x000000074aa00000, 0x000000074ac00000, 0x000000074ac00000|100%| O|  |TAMS 0x000000074ac00000, 0x000000074aa00000| Untracked 
|   4|0x000000074ac00000, 0x000000074ae00000, 0x000000074ae00000|100%| O|  |TAMS 0x000000074ae00000, 0x000000074ac00000| Untracked 
|   5|0x000000074ae00000, 0x000000074b000000, 0x000000074b000000|100%| O|  |TAMS 0x000000074b000000, 0x000000074ae00000| Untracked 
|   6|0x000000074b000000, 0x000000074b200000, 0x000000074b200000|100%| O|  |TAMS 0x000000074b200000, 0x000000074b000000| Untracked 
|   7|0x000000074b200000, 0x000000074b400000, 0x000000074b400000|100%| O|  |TAMS 0x000000074b400000, 0x000000074b200000| Untracked 
|   8|0x000000074b400000, 0x000000074b600000, 0x000000074b600000|100%| O|  |TAMS 0x000000074b600000, 0x000000074b400000| Untracked 
|   9|0x000000074b600000, 0x000000074b800000, 0x000000074b800000|100%| O|  |TAMS 0x000000074b800000, 0x000000074b600000| Untracked 
|  10|0x000000074b800000, 0x000000074ba00000, 0x000000074ba00000|100%| O|  |TAMS 0x000000074ba00000, 0x000000074b800000| Untracked 
|  11|0x000000074ba00000, 0x000000074bc00000, 0x000000074bc00000|100%| O|  |TAMS 0x000000074bc00000, 0x000000074ba00000| Untracked 
|  12|0x000000074bc00000, 0x000000074be00000, 0x000000074be00000|100%| O|  |TAMS 0x000000074be00000, 0x000000074bc00000| Untracked 
|  13|0x000000074be00000, 0x000000074c000000, 0x000000074c000000|100%| O|  |TAMS 0x000000074c000000, 0x000000074be00000| Untracked 
|  14|0x000000074c000000, 0x000000074c200000, 0x000000074c200000|100%| O|  |TAMS 0x000000074c200000, 0x000000074c000000| Untracked 
|  15|0x000000074c200000, 0x000000074c400000, 0x000000074c400000|100%| O|  |TAMS 0x000000074c400000, 0x000000074c200000| Untracked 
|  16|0x000000074c400000, 0x000000074c600000, 0x000000074c600000|100%| O|  |TAMS 0x000000074c600000, 0x000000074c400000| Untracked 
|  17|0x000000074c600000, 0x000000074c800000, 0x000000074c800000|100%| O|  |TAMS 0x000000074c800000, 0x000000074c600000| Untracked 
|  18|0x000000074c800000, 0x000000074ca00000, 0x000000074ca00000|100%| O|  |TAMS 0x000000074c969400, 0x000000074c800000| Untracked 
|  19|0x000000074ca00000, 0x000000074cc00000, 0x000000074cc00000|100%| O|  |TAMS 0x000000074ca00000, 0x000000074ca00000| Untracked 
|  20|0x000000074cc00000, 0x000000074ce00000, 0x000000074ce00000|100%| O|  |TAMS 0x000000074cc00000, 0x000000074cc00000| Untracked 
|  21|0x000000074ce00000, 0x000000074d000000, 0x000000074d000000|100%| O|  |TAMS 0x000000074ce00000, 0x000000074ce00000| Untracked 
|  22|0x000000074d000000, 0x000000074d200000, 0x000000074d200000|100%| O|  |TAMS 0x000000074d000000, 0x000000074d000000| Untracked 
|  23|0x000000074d200000, 0x000000074d400000, 0x000000074d400000|100%| O|  |TAMS 0x000000074d200000, 0x000000074d200000| Untracked 
|  24|0x000000074d400000, 0x000000074d600000, 0x000000074d600000|100%| O|  |TAMS 0x000000074d400000, 0x000000074d400000| Untracked 
|  25|0x000000074d600000, 0x000000074d800000, 0x000000074d800000|100%| O|  |TAMS 0x000000074d600000, 0x000000074d600000| Untracked 
|  26|0x000000074d800000, 0x000000074da00000, 0x000000074da00000|100%| O|  |TAMS 0x000000074d800000, 0x000000074d800000| Untracked 
|  27|0x000000074da00000, 0x000000074dc00000, 0x000000074dc00000|100%| O|  |TAMS 0x000000074da00000, 0x000000074da00000| Untracked 
|  28|0x000000074dc00000, 0x000000074de00000, 0x000000074de00000|100%| O|  |TAMS 0x000000074dc00000, 0x000000074dc00000| Untracked 
|  29|0x000000074de00000, 0x000000074e000000, 0x000000074e000000|100%| O|  |TAMS 0x000000074de00000, 0x000000074de00000| Untracked 
|  30|0x000000074e000000, 0x000000074e200000, 0x000000074e200000|100%| O|  |TAMS 0x000000074e000000, 0x000000074e000000| Untracked 
|  31|0x000000074e200000, 0x000000074e400000, 0x000000074e400000|100%| O|  |TAMS 0x000000074e200000, 0x000000074e200000| Untracked 
|  32|0x000000074e400000, 0x000000074e600000, 0x000000074e600000|100%| O|  |TAMS 0x000000074e400000, 0x000000074e400000| Untracked 
|  33|0x000000074e600000, 0x000000074e800000, 0x000000074e800000|100%| O|  |TAMS 0x000000074e600000, 0x000000074e600000| Untracked 
|  34|0x000000074e800000, 0x000000074ea00000, 0x000000074ea00000|100%| O|  |TAMS 0x000000074e800000, 0x000000074e800000| Untracked 
|  35|0x000000074ea00000, 0x000000074ec00000, 0x000000074ec00000|100%| O|  |TAMS 0x000000074ea00000, 0x000000074ea00000| Untracked 
|  36|0x000000074ec00000, 0x000000074ee00000, 0x000000074ee00000|100%| O|  |TAMS 0x000000074ec00000, 0x000000074ec00000| Untracked 
|  37|0x000000074ee00000, 0x000000074f000000, 0x000000074f000000|100%| O|  |TAMS 0x000000074ee00000, 0x000000074ee00000| Untracked 
|  38|0x000000074f000000, 0x000000074f200000, 0x000000074f200000|100%| O|  |TAMS 0x000000074f000000, 0x000000074f000000| Untracked 
|  39|0x000000074f200000, 0x000000074f400000, 0x000000074f400000|100%| O|  |TAMS 0x000000074f200000, 0x000000074f200000| Untracked 
|  40|0x000000074f400000, 0x000000074f600000, 0x000000074f600000|100%| O|  |TAMS 0x000000074f400000, 0x000000074f400000| Untracked 
|  41|0x000000074f600000, 0x000000074f78ca00, 0x000000074f800000| 77%| O|  |TAMS 0x000000074f600000, 0x000000074f600000| Untracked 
|  42|0x000000074f800000, 0x000000074f800000, 0x000000074fa00000|  0%| F|  |TAMS 0x000000074f800000, 0x000000074f800000| Untracked 
|  43|0x000000074fa00000, 0x000000074fa00000, 0x000000074fc00000|  0%| F|  |TAMS 0x000000074fa00000, 0x000000074fa00000| Untracked 
|  44|0x000000074fc00000, 0x000000074fc00000, 0x000000074fe00000|  0%| F|  |TAMS 0x000000074fc00000, 0x000000074fc00000| Untracked 
|  45|0x000000074fe00000, 0x000000074fe00000, 0x0000000750000000|  0%| F|  |TAMS 0x000000074fe00000, 0x000000074fe00000| Untracked 
|  46|0x0000000750000000, 0x0000000750000000, 0x0000000750200000|  0%| F|  |TAMS 0x0000000750000000, 0x0000000750000000| Untracked 
|  47|0x0000000750200000, 0x0000000750200000, 0x0000000750400000|  0%| F|  |TAMS 0x0000000750200000, 0x0000000750200000| Untracked 
|  48|0x0000000750400000, 0x0000000750400000, 0x0000000750600000|  0%| F|  |TAMS 0x0000000750400000, 0x0000000750400000| Untracked 
|  49|0x0000000750600000, 0x0000000750600000, 0x0000000750800000|  0%| F|  |TAMS 0x0000000750600000, 0x0000000750600000| Untracked 
|  50|0x0000000750800000, 0x0000000750800000, 0x0000000750a00000|  0%| F|  |TAMS 0x0000000750800000, 0x0000000750800000| Untracked 
|  51|0x0000000750a00000, 0x0000000750a00000, 0x0000000750c00000|  0%| F|  |TAMS 0x0000000750a00000, 0x0000000750a00000| Untracked 
|  52|0x0000000750c00000, 0x0000000750c00000, 0x0000000750e00000|  0%| F|  |TAMS 0x0000000750c00000, 0x0000000750c00000| Untracked 
|  53|0x0000000750e00000, 0x0000000750e00000, 0x0000000751000000|  0%| F|  |TAMS 0x0000000750e00000, 0x0000000750e00000| Untracked 
|  54|0x0000000751000000, 0x0000000751000000, 0x0000000751200000|  0%| F|  |TAMS 0x0000000751000000, 0x0000000751000000| Untracked 
|  55|0x0000000751200000, 0x0000000751200000, 0x0000000751400000|  0%| F|  |TAMS 0x0000000751200000, 0x0000000751200000| Untracked 
|  56|0x0000000751400000, 0x0000000751400000, 0x0000000751600000|  0%| F|  |TAMS 0x0000000751400000, 0x0000000751400000| Untracked 
|  57|0x0000000751600000, 0x0000000751600000, 0x0000000751800000|  0%| F|  |TAMS 0x0000000751600000, 0x0000000751600000| Untracked 
|  58|0x0000000751800000, 0x0000000751800000, 0x0000000751a00000|  0%| F|  |TAMS 0x0000000751800000, 0x0000000751800000| Untracked 
|  59|0x0000000751a00000, 0x0000000751a00000, 0x0000000751c00000|  0%| F|  |TAMS 0x0000000751a00000, 0x0000000751a00000| Untracked 
|  60|0x0000000751c00000, 0x0000000751c00000, 0x0000000751e00000|  0%| F|  |TAMS 0x0000000751c00000, 0x0000000751c00000| Untracked 
|  61|0x0000000751e00000, 0x0000000751e00000, 0x0000000752000000|  0%| F|  |TAMS 0x0000000751e00000, 0x0000000751e00000| Untracked 
|  62|0x0000000752000000, 0x0000000752000000, 0x0000000752200000|  0%| F|  |TAMS 0x0000000752000000, 0x0000000752000000| Untracked 
|  63|0x0000000752200000, 0x0000000752200000, 0x0000000752400000|  0%| F|  |TAMS 0x0000000752200000, 0x0000000752200000| Untracked 
|  64|0x0000000752400000, 0x0000000752400000, 0x0000000752600000|  0%| F|  |TAMS 0x0000000752400000, 0x0000000752400000| Untracked 
|  65|0x0000000752600000, 0x0000000752600000, 0x0000000752800000|  0%| F|  |TAMS 0x0000000752600000, 0x0000000752600000| Untracked 
|  66|0x0000000752800000, 0x0000000752800000, 0x0000000752a00000|  0%| F|  |TAMS 0x0000000752800000, 0x0000000752800000| Untracked 
|  67|0x0000000752a00000, 0x0000000752b057f8, 0x0000000752c00000| 51%| S|CS|TAMS 0x0000000752a00000, 0x0000000752a00000| Complete 
|  68|0x0000000752c00000, 0x0000000752e00000, 0x0000000752e00000|100%| S|CS|TAMS 0x0000000752c00000, 0x0000000752c00000| Complete 
|  69|0x0000000752e00000, 0x0000000753000000, 0x0000000753000000|100%| S|CS|TAMS 0x0000000752e00000, 0x0000000752e00000| Complete 
|  70|0x0000000753000000, 0x0000000753200000, 0x0000000753200000|100%| S|CS|TAMS 0x0000000753000000, 0x0000000753000000| Complete 
|  71|0x0000000753200000, 0x0000000753400000, 0x0000000753400000|100%| S|CS|TAMS 0x0000000753200000, 0x0000000753200000| Complete 
|  72|0x0000000753400000, 0x0000000753600000, 0x0000000753600000|100%| S|CS|TAMS 0x0000000753400000, 0x0000000753400000| Complete 
|  73|0x0000000753600000, 0x0000000753800000, 0x0000000753800000|100%| S|CS|TAMS 0x0000000753600000, 0x0000000753600000| Complete 
|  74|0x0000000753800000, 0x0000000753a00000, 0x0000000753a00000|100%| S|CS|TAMS 0x0000000753800000, 0x0000000753800000| Complete 
|  75|0x0000000753a00000, 0x0000000753c00000, 0x0000000753c00000|100%| S|CS|TAMS 0x0000000753a00000, 0x0000000753a00000| Complete 
|  76|0x0000000753c00000, 0x0000000753c00000, 0x0000000753e00000|  0%| F|  |TAMS 0x0000000753c00000, 0x0000000753c00000| Untracked 
|  77|0x0000000753e00000, 0x0000000753e00000, 0x0000000754000000|  0%| F|  |TAMS 0x0000000753e00000, 0x0000000753e00000| Untracked 
|  78|0x0000000754000000, 0x0000000754000000, 0x0000000754200000|  0%| F|  |TAMS 0x0000000754000000, 0x0000000754000000| Untracked 
|  79|0x0000000754200000, 0x0000000754200000, 0x0000000754400000|  0%| F|  |TAMS 0x0000000754200000, 0x0000000754200000| Untracked 
|  80|0x0000000754400000, 0x0000000754400000, 0x0000000754600000|  0%| F|  |TAMS 0x0000000754400000, 0x0000000754400000| Untracked 
|  81|0x0000000754600000, 0x0000000754600000, 0x0000000754800000|  0%| F|  |TAMS 0x0000000754600000, 0x0000000754600000| Untracked 
|  82|0x0000000754800000, 0x0000000754800000, 0x0000000754a00000|  0%| F|  |TAMS 0x0000000754800000, 0x0000000754800000| Untracked 
|  83|0x0000000754a00000, 0x0000000754a00000, 0x0000000754c00000|  0%| F|  |TAMS 0x0000000754a00000, 0x0000000754a00000| Untracked 
|  84|0x0000000754c00000, 0x0000000754c00000, 0x0000000754e00000|  0%| F|  |TAMS 0x0000000754c00000, 0x0000000754c00000| Untracked 
|  85|0x0000000754e00000, 0x0000000754e00000, 0x0000000755000000|  0%| F|  |TAMS 0x0000000754e00000, 0x0000000754e00000| Untracked 
|  86|0x0000000755000000, 0x0000000755000000, 0x0000000755200000|  0%| F|  |TAMS 0x0000000755000000, 0x0000000755000000| Untracked 
|  87|0x0000000755200000, 0x0000000755200000, 0x0000000755400000|  0%| F|  |TAMS 0x0000000755200000, 0x0000000755200000| Untracked 
|  88|0x0000000755400000, 0x0000000755400000, 0x0000000755600000|  0%| F|  |TAMS 0x0000000755400000, 0x0000000755400000| Untracked 
|  89|0x0000000755600000, 0x0000000755600000, 0x0000000755800000|  0%| F|  |TAMS 0x0000000755600000, 0x0000000755600000| Untracked 
|  90|0x0000000755800000, 0x0000000755800000, 0x0000000755a00000|  0%| F|  |TAMS 0x0000000755800000, 0x0000000755800000| Untracked 
|  91|0x0000000755a00000, 0x0000000755a00000, 0x0000000755c00000|  0%| F|  |TAMS 0x0000000755a00000, 0x0000000755a00000| Untracked 
|  92|0x0000000755c00000, 0x0000000755c00000, 0x0000000755e00000|  0%| F|  |TAMS 0x0000000755c00000, 0x0000000755c00000| Untracked 
|  93|0x0000000755e00000, 0x0000000755e00000, 0x0000000756000000|  0%| F|  |TAMS 0x0000000755e00000, 0x0000000755e00000| Untracked 
|  94|0x0000000756000000, 0x0000000756000000, 0x0000000756200000|  0%| F|  |TAMS 0x0000000756000000, 0x0000000756000000| Untracked 
|  95|0x0000000756200000, 0x0000000756200000, 0x0000000756400000|  0%| F|  |TAMS 0x0000000756200000, 0x0000000756200000| Untracked 
|  96|0x0000000756400000, 0x0000000756400000, 0x0000000756600000|  0%| F|  |TAMS 0x0000000756400000, 0x0000000756400000| Untracked 
|  97|0x0000000756600000, 0x0000000756600000, 0x0000000756800000|  0%| F|  |TAMS 0x0000000756600000, 0x0000000756600000| Untracked 
|  98|0x0000000756800000, 0x0000000756800000, 0x0000000756a00000|  0%| F|  |TAMS 0x0000000756800000, 0x0000000756800000| Untracked 
|  99|0x0000000756a00000, 0x0000000756a00000, 0x0000000756c00000|  0%| F|  |TAMS 0x0000000756a00000, 0x0000000756a00000| Untracked 
| 100|0x0000000756c00000, 0x0000000756c00000, 0x0000000756e00000|  0%| F|  |TAMS 0x0000000756c00000, 0x0000000756c00000| Untracked 
| 101|0x0000000756e00000, 0x0000000756e00000, 0x0000000757000000|  0%| F|  |TAMS 0x0000000756e00000, 0x0000000756e00000| Untracked 
| 102|0x0000000757000000, 0x0000000757000000, 0x0000000757200000|  0%| F|  |TAMS 0x0000000757000000, 0x0000000757000000| Untracked 
| 103|0x0000000757200000, 0x0000000757200000, 0x0000000757400000|  0%| F|  |TAMS 0x0000000757200000, 0x0000000757200000| Untracked 
| 104|0x0000000757400000, 0x0000000757400000, 0x0000000757600000|  0%| F|  |TAMS 0x0000000757400000, 0x0000000757400000| Untracked 
| 105|0x0000000757600000, 0x0000000757600000, 0x0000000757800000|  0%| F|  |TAMS 0x0000000757600000, 0x0000000757600000| Untracked 
| 106|0x0000000757800000, 0x0000000757800000, 0x0000000757a00000|  0%| F|  |TAMS 0x0000000757800000, 0x0000000757800000| Untracked 
| 107|0x0000000757a00000, 0x0000000757a00000, 0x0000000757c00000|  0%| F|  |TAMS 0x0000000757a00000, 0x0000000757a00000| Untracked 
| 108|0x0000000757c00000, 0x0000000757c00000, 0x0000000757e00000|  0%| F|  |TAMS 0x0000000757c00000, 0x0000000757c00000| Untracked 
| 109|0x0000000757e00000, 0x0000000757e00000, 0x0000000758000000|  0%| F|  |TAMS 0x0000000757e00000, 0x0000000757e00000| Untracked 
| 110|0x0000000758000000, 0x0000000758000000, 0x0000000758200000|  0%| F|  |TAMS 0x0000000758000000, 0x0000000758000000| Untracked 
| 111|0x0000000758200000, 0x0000000758200000, 0x0000000758400000|  0%| F|  |TAMS 0x0000000758200000, 0x0000000758200000| Untracked 
| 112|0x0000000758400000, 0x0000000758400000, 0x0000000758600000|  0%| F|  |TAMS 0x0000000758400000, 0x0000000758400000| Untracked 
| 113|0x0000000758600000, 0x0000000758600000, 0x0000000758800000|  0%| F|  |TAMS 0x0000000758600000, 0x0000000758600000| Untracked 
| 114|0x0000000758800000, 0x0000000758800000, 0x0000000758a00000|  0%| F|  |TAMS 0x0000000758800000, 0x0000000758800000| Untracked 
| 115|0x0000000758a00000, 0x0000000758a00000, 0x0000000758c00000|  0%| F|  |TAMS 0x0000000758a00000, 0x0000000758a00000| Untracked 
| 116|0x0000000758c00000, 0x0000000758c00000, 0x0000000758e00000|  0%| F|  |TAMS 0x0000000758c00000, 0x0000000758c00000| Untracked 
| 117|0x0000000758e00000, 0x0000000758e00000, 0x0000000759000000|  0%| F|  |TAMS 0x0000000758e00000, 0x0000000758e00000| Untracked 
| 118|0x0000000759000000, 0x0000000759000000, 0x0000000759200000|  0%| F|  |TAMS 0x0000000759000000, 0x0000000759000000| Untracked 
| 119|0x0000000759200000, 0x0000000759200000, 0x0000000759400000|  0%| F|  |TAMS 0x0000000759200000, 0x0000000759200000| Untracked 
| 120|0x0000000759400000, 0x0000000759400000, 0x0000000759600000|  0%| F|  |TAMS 0x0000000759400000, 0x0000000759400000| Untracked 
| 121|0x0000000759600000, 0x0000000759600000, 0x0000000759800000|  0%| F|  |TAMS 0x0000000759600000, 0x0000000759600000| Untracked 
| 122|0x0000000759800000, 0x0000000759800000, 0x0000000759a00000|  0%| F|  |TAMS 0x0000000759800000, 0x0000000759800000| Untracked 
| 123|0x0000000759a00000, 0x0000000759a00000, 0x0000000759c00000|  0%| F|  |TAMS 0x0000000759a00000, 0x0000000759a00000| Untracked 
| 124|0x0000000759c00000, 0x0000000759c00000, 0x0000000759e00000|  0%| F|  |TAMS 0x0000000759c00000, 0x0000000759c00000| Untracked 
| 125|0x0000000759e00000, 0x0000000759e00000, 0x000000075a000000|  0%| F|  |TAMS 0x0000000759e00000, 0x0000000759e00000| Untracked 
| 126|0x000000075a000000, 0x000000075a000000, 0x000000075a200000|  0%| F|  |TAMS 0x000000075a000000, 0x000000075a000000| Untracked 
| 127|0x000000075a200000, 0x000000075a200000, 0x000000075a400000|  0%| F|  |TAMS 0x000000075a200000, 0x000000075a200000| Untracked 
| 128|0x000000075a400000, 0x000000075a400000, 0x000000075a600000|  0%| F|  |TAMS 0x000000075a400000, 0x000000075a400000| Untracked 
| 129|0x000000075a600000, 0x000000075a600000, 0x000000075a800000|  0%| F|  |TAMS 0x000000075a600000, 0x000000075a600000| Untracked 
| 130|0x000000075a800000, 0x000000075a800000, 0x000000075aa00000|  0%| F|  |TAMS 0x000000075a800000, 0x000000075a800000| Untracked 
| 131|0x000000075aa00000, 0x000000075aa00000, 0x000000075ac00000|  0%| F|  |TAMS 0x000000075aa00000, 0x000000075aa00000| Untracked 
| 132|0x000000075ac00000, 0x000000075ac00000, 0x000000075ae00000|  0%| F|  |TAMS 0x000000075ac00000, 0x000000075ac00000| Untracked 
| 133|0x000000075ae00000, 0x000000075ae00000, 0x000000075b000000|  0%| F|  |TAMS 0x000000075ae00000, 0x000000075ae00000| Untracked 
| 134|0x000000075b000000, 0x000000075b000000, 0x000000075b200000|  0%| F|  |TAMS 0x000000075b000000, 0x000000075b000000| Untracked 
| 135|0x000000075b200000, 0x000000075b200000, 0x000000075b400000|  0%| F|  |TAMS 0x000000075b200000, 0x000000075b200000| Untracked 
| 136|0x000000075b400000, 0x000000075b400000, 0x000000075b600000|  0%| F|  |TAMS 0x000000075b400000, 0x000000075b400000| Untracked 
| 137|0x000000075b600000, 0x000000075b600000, 0x000000075b800000|  0%| F|  |TAMS 0x000000075b600000, 0x000000075b600000| Untracked 
| 138|0x000000075b800000, 0x000000075b800000, 0x000000075ba00000|  0%| F|  |TAMS 0x000000075b800000, 0x000000075b800000| Untracked 
| 139|0x000000075ba00000, 0x000000075ba00000, 0x000000075bc00000|  0%| F|  |TAMS 0x000000075ba00000, 0x000000075ba00000| Untracked 
| 140|0x000000075bc00000, 0x000000075bc00000, 0x000000075be00000|  0%| F|  |TAMS 0x000000075bc00000, 0x000000075bc00000| Untracked 
| 141|0x000000075be00000, 0x000000075be00000, 0x000000075c000000|  0%| F|  |TAMS 0x000000075be00000, 0x000000075be00000| Untracked 
| 142|0x000000075c000000, 0x000000075c000000, 0x000000075c200000|  0%| F|  |TAMS 0x000000075c000000, 0x000000075c000000| Untracked 
| 143|0x000000075c200000, 0x000000075c200000, 0x000000075c400000|  0%| F|  |TAMS 0x000000075c200000, 0x000000075c200000| Untracked 
| 144|0x000000075c400000, 0x000000075c400000, 0x000000075c600000|  0%| F|  |TAMS 0x000000075c400000, 0x000000075c400000| Untracked 
| 145|0x000000075c600000, 0x000000075c600000, 0x000000075c800000|  0%| F|  |TAMS 0x000000075c600000, 0x000000075c600000| Untracked 
| 146|0x000000075c800000, 0x000000075c800000, 0x000000075ca00000|  0%| F|  |TAMS 0x000000075c800000, 0x000000075c800000| Untracked 
| 147|0x000000075ca00000, 0x000000075ca00000, 0x000000075cc00000|  0%| F|  |TAMS 0x000000075ca00000, 0x000000075ca00000| Untracked 
| 148|0x000000075cc00000, 0x000000075cc00000, 0x000000075ce00000|  0%| F|  |TAMS 0x000000075cc00000, 0x000000075cc00000| Untracked 
| 149|0x000000075ce00000, 0x000000075ce00000, 0x000000075d000000|  0%| F|  |TAMS 0x000000075ce00000, 0x000000075ce00000| Untracked 
| 150|0x000000075d000000, 0x000000075d000000, 0x000000075d200000|  0%| F|  |TAMS 0x000000075d000000, 0x000000075d000000| Untracked 
| 151|0x000000075d200000, 0x000000075d200000, 0x000000075d400000|  0%| F|  |TAMS 0x000000075d200000, 0x000000075d200000| Untracked 
| 152|0x000000075d400000, 0x000000075d400000, 0x000000075d600000|  0%| F|  |TAMS 0x000000075d400000, 0x000000075d400000| Untracked 
| 153|0x000000075d600000, 0x000000075d600000, 0x000000075d800000|  0%| F|  |TAMS 0x000000075d600000, 0x000000075d600000| Untracked 
| 154|0x000000075d800000, 0x000000075d800000, 0x000000075da00000|  0%| F|  |TAMS 0x000000075d800000, 0x000000075d800000| Untracked 
| 155|0x000000075da00000, 0x000000075da00000, 0x000000075dc00000|  0%| F|  |TAMS 0x000000075da00000, 0x000000075da00000| Untracked 
| 156|0x000000075dc00000, 0x000000075dc00000, 0x000000075de00000|  0%| F|  |TAMS 0x000000075dc00000, 0x000000075dc00000| Untracked 
| 157|0x000000075de00000, 0x000000075de00000, 0x000000075e000000|  0%| F|  |TAMS 0x000000075de00000, 0x000000075de00000| Untracked 
| 158|0x000000075e000000, 0x000000075e000000, 0x000000075e200000|  0%| F|  |TAMS 0x000000075e000000, 0x000000075e000000| Untracked 
| 159|0x000000075e200000, 0x000000075e200000, 0x000000075e400000|  0%| F|  |TAMS 0x000000075e200000, 0x000000075e200000| Untracked 
| 160|0x000000075e400000, 0x000000075e400000, 0x000000075e600000|  0%| F|  |TAMS 0x000000075e400000, 0x000000075e400000| Untracked 
| 161|0x000000075e600000, 0x000000075e600000, 0x000000075e800000|  0%| F|  |TAMS 0x000000075e600000, 0x000000075e600000| Untracked 
| 162|0x000000075e800000, 0x000000075e800000, 0x000000075ea00000|  0%| F|  |TAMS 0x000000075e800000, 0x000000075e800000| Untracked 
| 163|0x000000075ea00000, 0x000000075ea00000, 0x000000075ec00000|  0%| F|  |TAMS 0x000000075ea00000, 0x000000075ea00000| Untracked 
| 164|0x000000075ec00000, 0x000000075ec00000, 0x000000075ee00000|  0%| F|  |TAMS 0x000000075ec00000, 0x000000075ec00000| Untracked 
| 165|0x000000075ee00000, 0x000000075ee00000, 0x000000075f000000|  0%| F|  |TAMS 0x000000075ee00000, 0x000000075ee00000| Untracked 
| 166|0x000000075f000000, 0x000000075f000000, 0x000000075f200000|  0%| F|  |TAMS 0x000000075f000000, 0x000000075f000000| Untracked 
| 167|0x000000075f200000, 0x000000075f200000, 0x000000075f400000|  0%| F|  |TAMS 0x000000075f200000, 0x000000075f200000| Untracked 
| 168|0x000000075f400000, 0x000000075f400000, 0x000000075f600000|  0%| F|  |TAMS 0x000000075f400000, 0x000000075f400000| Untracked 
| 169|0x000000075f600000, 0x000000075f600000, 0x000000075f800000|  0%| F|  |TAMS 0x000000075f600000, 0x000000075f600000| Untracked 
| 170|0x000000075f800000, 0x000000075f800000, 0x000000075fa00000|  0%| F|  |TAMS 0x000000075f800000, 0x000000075f800000| Untracked 
| 171|0x000000075fa00000, 0x000000075fa00000, 0x000000075fc00000|  0%| F|  |TAMS 0x000000075fa00000, 0x000000075fa00000| Untracked 
| 172|0x000000075fc00000, 0x000000075fc00000, 0x000000075fe00000|  0%| F|  |TAMS 0x000000075fc00000, 0x000000075fc00000| Untracked 
| 173|0x000000075fe00000, 0x000000075fe00000, 0x0000000760000000|  0%| F|  |TAMS 0x000000075fe00000, 0x000000075fe00000| Untracked 
| 174|0x0000000760000000, 0x0000000760000000, 0x0000000760200000|  0%| F|  |TAMS 0x0000000760000000, 0x0000000760000000| Untracked 
| 175|0x0000000760200000, 0x0000000760200000, 0x0000000760400000|  0%| F|  |TAMS 0x0000000760200000, 0x0000000760200000| Untracked 
| 176|0x0000000760400000, 0x0000000760400000, 0x0000000760600000|  0%| F|  |TAMS 0x0000000760400000, 0x0000000760400000| Untracked 
| 177|0x0000000760600000, 0x0000000760600000, 0x0000000760800000|  0%| F|  |TAMS 0x0000000760600000, 0x0000000760600000| Untracked 
| 178|0x0000000760800000, 0x0000000760800000, 0x0000000760a00000|  0%| F|  |TAMS 0x0000000760800000, 0x0000000760800000| Untracked 
| 179|0x0000000760a00000, 0x0000000760a00000, 0x0000000760c00000|  0%| F|  |TAMS 0x0000000760a00000, 0x0000000760a00000| Untracked 
| 180|0x0000000760c00000, 0x0000000760c00000, 0x0000000760e00000|  0%| F|  |TAMS 0x0000000760c00000, 0x0000000760c00000| Untracked 
| 181|0x0000000760e00000, 0x0000000760e00000, 0x0000000761000000|  0%| F|  |TAMS 0x0000000760e00000, 0x0000000760e00000| Untracked 
| 182|0x0000000761000000, 0x0000000761000000, 0x0000000761200000|  0%| F|  |TAMS 0x0000000761000000, 0x0000000761000000| Untracked 
| 183|0x0000000761200000, 0x0000000761200000, 0x0000000761400000|  0%| F|  |TAMS 0x0000000761200000, 0x0000000761200000| Untracked 
| 184|0x0000000761400000, 0x0000000761400000, 0x0000000761600000|  0%| F|  |TAMS 0x0000000761400000, 0x0000000761400000| Untracked 
| 185|0x0000000761600000, 0x0000000761600000, 0x0000000761800000|  0%| F|  |TAMS 0x0000000761600000, 0x0000000761600000| Untracked 
| 186|0x0000000761800000, 0x0000000761800000, 0x0000000761a00000|  0%| F|  |TAMS 0x0000000761800000, 0x0000000761800000| Untracked 
| 187|0x0000000761a00000, 0x0000000761a00000, 0x0000000761c00000|  0%| F|  |TAMS 0x0000000761a00000, 0x0000000761a00000| Untracked 
| 188|0x0000000761c00000, 0x0000000761c00000, 0x0000000761e00000|  0%| F|  |TAMS 0x0000000761c00000, 0x0000000761c00000| Untracked 

Card table byte_map: [0x00000200234f0000,0x0000020023aa0000] _byte_map_base: 0x000002001fa9e000

Marking Bits (Prev, Next): (CMBitMap*) 0x000002001cc800d0, (CMBitMap*) 0x000002001cc80110
 Prev Bits: [0x0000020024050000, 0x0000020026dc0000)
 Next Bits: [0x0000020026dc0000, 0x0000020029b30000)

Polling page: 0x000002001c400000

Metaspace:

Usage:
  Non-class:     30.23 MB used.
      Class:      4.50 MB used.
       Both:     34.73 MB used.

Virtual space:
  Non-class space:       32.00 MB reserved,      30.38 MB ( 95%) committed,  4 nodes.
      Class space:        1.00 GB reserved,       4.69 MB ( <1%) committed,  1 nodes.
             Both:        1.03 GB reserved,      35.06 MB (  3%) committed. 

Chunk freelists:
   Non-Class:  1.45 MB
       Class:  3.30 MB
        Both:  4.75 MB

MaxMetaspaceSize: unlimited
CompressedClassSpaceSize: 1.00 GB
Initial GC threshold: 21.00 MB
Current GC threshold: 58.12 MB
CDS: off
MetaspaceReclaimPolicy: balanced
 - commit_granule_bytes: 65536.
 - commit_granule_words: 8192.
 - virtual_space_node_default_size: 1048576.
 - enlarge_chunks_in_place: 1.
 - new_chunks_are_fully_committed: 0.
 - uncommit_free_chunks: 1.
 - use_allocation_guard: 0.
 - handle_deallocations: 1.


Internal statistics:

num_allocs_failed_limit: 3.
num_arena_births: 344.
num_arena_deaths: 0.
num_vsnodes_births: 5.
num_vsnodes_deaths: 0.
num_space_committed: 561.
num_space_uncommitted: 0.
num_chunks_returned_to_freelist: 3.
num_chunks_taken_from_freelist: 1378.
num_chunk_merges: 3.
num_chunk_splits: 925.
num_chunks_enlarged: 707.
num_purges: 0.
num_inconsistent_stats: 0.

CodeCache: size=49152Kb used=11512Kb max_used=11512Kb free=37639Kb
 bounds [0x000002001f8c0000, 0x0000020020400000, 0x00000200228c0000]
 total_blobs=4290 nmethods=3764 adapters=446
 compilation: enabled
              stopped_count=0, restarted_count=0
 full_count=0

Compilation events (20 events):
Event: 8.995 Thread 0x000002002e034030 3755       1       java.util.concurrent.locks.AbstractQueuedSynchronizer::acquireInterruptibly (36 bytes)
Event: 8.996 Thread 0x000002002e034030 nmethod 3755 0x00000200203f9110 code [0x00000200203f92e0, 0x00000200203f9558]
Event: 9.037 Thread 0x0000020031547a10 3756   !   1       java.util.concurrent.locks.AbstractQueuedSynchronizer::acquire (407 bytes)
Event: 9.039 Thread 0x0000020031547a10 nmethod 3756 0x00000200203f9690 code [0x00000200203f9920, 0x00000200203fabd8]
Event: 9.076 Thread 0x0000020031548be0 3757       1       jdk.internal.module.SystemModuleFinders$SystemModuleReader::<init> (14 bytes)
Event: 9.076 Thread 0x000002002e0cd3b0 3758   !   1       jdk.internal.module.SystemModuleFinders$SystemModuleReader::checkPermissionToConnect (38 bytes)
Event: 9.076 Thread 0x0000020031547a10 3759   !   1       jdk.internal.module.ModuleReferenceImpl::open (19 bytes)
Event: 9.076 Thread 0x000002002d43b660 3760       1       jdk.internal.module.SystemModuleFinders$2::get (5 bytes)
Event: 9.076 Thread 0x000002002d642e10 3761       1       jdk.internal.module.SystemModuleFinders$2::get (16 bytes)
Event: 9.077 Thread 0x000002002d43b660 nmethod 3760 0x00000200203fb310 code [0x00000200203fb4a0, 0x00000200203fb648]
Event: 9.077 Thread 0x000002002d642e10 nmethod 3761 0x00000200203fb710 code [0x00000200203fb8a0, 0x00000200203fba48]
Event: 9.077 Thread 0x0000020031548be0 nmethod 3757 0x00000200203fbb10 code [0x00000200203fbca0, 0x00000200203fbde8]
Event: 9.077 Thread 0x000002002e0cd3b0 nmethod 3758 0x00000200203fbe90 code [0x00000200203fc060, 0x00000200203fc288]
Event: 9.077 Thread 0x0000020031547a10 nmethod 3759 0x00000200203fc490 code [0x00000200203fc640, 0x00000200203fc7d8]
Event: 9.079 Thread 0x0000020031548be0 3762       1       nonapi.io.github.classgraph.fastzipfilereader.NestedJarHandler$5$1::newInstance (5 bytes)
Event: 9.079 Thread 0x000002002e034030 3763   !   1       io.github.classgraph.ModuleReaderProxy::<init> (74 bytes)
Event: 9.080 Thread 0x0000020031548be0 nmethod 3762 0x00000200203fc910 code [0x00000200203fcaa0, 0x00000200203fcbe8]
Event: 9.080 Thread 0x000002002e034030 nmethod 3763 0x00000200203fcd10 code [0x00000200203fcf20, 0x00000200203fd4d8]
Event: 9.083 Thread 0x0000020031548be0 3764   !   1       jdk.internal.reflect.GeneratedMethodAccessor26::invoke (61 bytes)
Event: 9.084 Thread 0x0000020031548be0 nmethod 3764 0x00000200203fd810 code [0x00000200203fda20, 0x00000200203fdec8]

GC Heap History (20 events):
Event: 8.600 GC heap after
{Heap after GC invocations=15 (full 0):
 garbage-first heap   total 79872K, used 42290K [0x000000074a400000, 0x0000000800000000)
  region size 2048K, 2 young (4096K), 2 survivors (4096K)
 Metaspace       used 35414K, committed 35712K, reserved 1081344K
  class space    used 4586K, committed 4736K, reserved 1048576K
}
Event: 8.630 GC heap before
{Heap before GC invocations=15 (full 0):
 garbage-first heap   total 79872K, used 58674K [0x000000074a400000, 0x0000000800000000)
  region size 2048K, 10 young (20480K), 2 survivors (4096K)
 Metaspace       used 35414K, committed 35712K, reserved 1081344K
  class space    used 4586K, committed 4736K, reserved 1048576K
}
Event: 8.633 GC heap after
{Heap after GC invocations=16 (full 0):
 garbage-first heap   total 159744K, used 45420K [0x000000074a400000, 0x0000000800000000)
  region size 2048K, 2 young (4096K), 2 survivors (4096K)
 Metaspace       used 35414K, committed 35712K, reserved 1081344K
  class space    used 4586K, committed 4736K, reserved 1048576K
}
Event: 8.849 GC heap before
{Heap before GC invocations=17 (full 0):
 garbage-first heap   total 159744K, used 100716K [0x000000074a400000, 0x0000000800000000)
  region size 2048K, 30 young (61440K), 2 survivors (4096K)
 Metaspace       used 35464K, committed 35776K, reserved 1081344K
  class space    used 4596K, committed 4736K, reserved 1048576K
}
Event: 8.874 GC heap after
{Heap after GC invocations=18 (full 0):
 garbage-first heap   total 159744K, used 60496K [0x000000074a400000, 0x0000000800000000)
  region size 2048K, 4 young (8192K), 4 survivors (8192K)
 Metaspace       used 35464K, committed 35776K, reserved 1081344K
  class space    used 4596K, committed 4736K, reserved 1048576K
}
Event: 8.885 GC heap before
{Heap before GC invocations=18 (full 0):
 garbage-first heap   total 159744K, used 97360K [0x000000074a400000, 0x0000000800000000)
  region size 2048K, 23 young (47104K), 4 survivors (8192K)
 Metaspace       used 35482K, committed 35776K, reserved 1081344K
  class space    used 4598K, committed 4736K, reserved 1048576K
}
Event: 8.889 GC heap after
{Heap after GC invocations=19 (full 0):
 garbage-first heap   total 159744K, used 63315K [0x000000074a400000, 0x0000000800000000)
  region size 2048K, 2 young (4096K), 2 survivors (4096K)
 Metaspace       used 35482K, committed 35776K, reserved 1081344K
  class space    used 4598K, committed 4736K, reserved 1048576K
}
Event: 8.898 GC heap before
{Heap before GC invocations=19 (full 0):
 garbage-first heap   total 159744K, used 104275K [0x000000074a400000, 0x0000000800000000)
  region size 2048K, 23 young (47104K), 2 survivors (4096K)
 Metaspace       used 35535K, committed 35840K, reserved 1081344K
  class space    used 4606K, committed 4736K, reserved 1048576K
}
Event: 8.900 GC heap after
{Heap after GC invocations=20 (full 0):
 garbage-first heap   total 159744K, used 64860K [0x000000074a400000, 0x0000000800000000)
  region size 2048K, 2 young (4096K), 2 survivors (4096K)
 Metaspace       used 35535K, committed 35840K, reserved 1081344K
  class space    used 4606K, committed 4736K, reserved 1048576K
}
Event: 8.910 GC heap before
{Heap before GC invocations=20 (full 0):
 garbage-first heap   total 159744K, used 114012K [0x000000074a400000, 0x0000000800000000)
  region size 2048K, 27 young (55296K), 2 survivors (4096K)
 Metaspace       used 35563K, committed 35904K, reserved 1081344K
  class space    used 4610K, committed 4800K, reserved 1048576K
}
Event: 8.913 GC heap after
{Heap after GC invocations=21 (full 0):
 garbage-first heap   total 159744K, used 66775K [0x000000074a400000, 0x0000000800000000)
  region size 2048K, 3 young (6144K), 3 survivors (6144K)
 Metaspace       used 35563K, committed 35904K, reserved 1081344K
  class space    used 4610K, committed 4800K, reserved 1048576K
}
Event: 8.924 GC heap before
{Heap before GC invocations=21 (full 0):
 garbage-first heap   total 159744K, used 117975K [0x000000074a400000, 0x0000000800000000)
  region size 2048K, 29 young (59392K), 3 survivors (6144K)
 Metaspace       used 35563K, committed 35904K, reserved 1081344K
  class space    used 4610K, committed 4800K, reserved 1048576K
}
Event: 8.934 GC heap after
{Heap after GC invocations=22 (full 0):
 garbage-first heap   total 387072K, used 69017K [0x000000074a400000, 0x0000000800000000)
  region size 2048K, 4 young (8192K), 4 survivors (8192K)
 Metaspace       used 35563K, committed 35904K, reserved 1081344K
  class space    used 4610K, committed 4800K, reserved 1048576K
}
Event: 9.002 GC heap before
{Heap before GC invocations=22 (full 0):
 garbage-first heap   total 387072K, used 275865K [0x000000074a400000, 0x0000000800000000)
  region size 2048K, 106 young (217088K), 4 survivors (8192K)
 Metaspace       used 35563K, committed 35904K, reserved 1081344K
  class space    used 4610K, committed 4800K, reserved 1048576K
}
Event: 9.008 GC heap after
{Heap after GC invocations=23 (full 0):
 garbage-first heap   total 387072K, used 77462K [0x000000074a400000, 0x0000000800000000)
  region size 2048K, 8 young (16384K), 8 survivors (16384K)
 Metaspace       used 35563K, committed 35904K, reserved 1081344K
  class space    used 4610K, committed 4800K, reserved 1048576K
}
Event: 9.060 GC heap before
{Heap before GC invocations=23 (full 0):
 garbage-first heap   total 387072K, used 290454K [0x000000074a400000, 0x0000000800000000)
  region size 2048K, 113 young (231424K), 8 survivors (16384K)
 Metaspace       used 35563K, committed 35904K, reserved 1081344K
  class space    used 4610K, committed 4800K, reserved 1048576K
}
Event: 9.068 GC heap after
{Heap after GC invocations=24 (full 0):
 garbage-first heap   total 387072K, used 86149K [0x000000074a400000, 0x0000000800000000)
  region size 2048K, 12 young (24576K), 12 survivors (24576K)
 Metaspace       used 35563K, committed 35904K, reserved 1081344K
  class space    used 4610K, committed 4800K, reserved 1048576K
}
Event: 9.106 GC heap before
{Heap before GC invocations=24 (full 0):
 garbage-first heap   total 387072K, used 290949K [0x000000074a400000, 0x0000000800000000)
  region size 2048K, 113 young (231424K), 12 survivors (24576K)
 Metaspace       used 35563K, committed 35904K, reserved 1081344K
  class space    used 4610K, committed 4800K, reserved 1048576K
}
Event: 9.118 GC heap after
{Heap after GC invocations=25 (full 0):
 garbage-first heap   total 387072K, used 96210K [0x000000074a400000, 0x0000000800000000)
  region size 2048K, 10 young (20480K), 10 survivors (20480K)
 Metaspace       used 35563K, committed 35904K, reserved 1081344K
  class space    used 4610K, committed 4800K, reserved 1048576K
}
Event: 9.157 GC heap before
{Heap before GC invocations=25 (full 0):
 garbage-first heap   total 387072K, used 305106K [0x000000074a400000, 0x0000000800000000)
  region size 2048K, 113 young (231424K), 10 survivors (20480K)
 Metaspace       used 35563K, committed 35904K, reserved 1081344K
  class space    used 4610K, committed 4800K, reserved 1048576K
}

Deoptimization events (12 events):
Event: 5.440 Thread 0x000002001cc28420 DEOPT PACKING pc=0x000002001fec4bf9 sp=0x000000716abfd450
Event: 5.440 Thread 0x000002001cc28420 DEOPT UNPACKING pc=0x000002001f912b43 sp=0x000000716abfc930 mode 3
Event: 7.844 Thread 0x000002001cc28420 DEOPT PACKING pc=0x000002002003c8f9 sp=0x000000716abfc830
Event: 7.844 Thread 0x000002001cc28420 DEOPT UNPACKING pc=0x000002001f912b43 sp=0x000000716abfbd10 mode 3
Event: 8.228 Thread 0x000002002ecdc9f0 DEOPT PACKING pc=0x00000200200f676d sp=0x000000716d3fd7b0
Event: 8.228 Thread 0x000002002ecdc9f0 DEOPT UNPACKING pc=0x000002001f912b43 sp=0x000000716d3fccc8 mode 3
Event: 8.299 Thread 0x000002002ecdf2d0 DEOPT PACKING pc=0x0000020020111693 sp=0x000000716d4fe8f0
Event: 8.299 Thread 0x000002002ecdf2d0 DEOPT UNPACKING pc=0x000002001f912b43 sp=0x000000716d4fde38 mode 3
Event: 8.439 Thread 0x000002002ee3c2b0 DEOPT PACKING pc=0x000002001fec2709 sp=0x000000716e7febb0
Event: 8.439 Thread 0x000002002ee3c2b0 DEOPT UNPACKING pc=0x000002001f912b43 sp=0x000000716e7fe040 mode 3
Event: 8.552 Thread 0x000002002ee3e460 DEOPT PACKING pc=0x000002001febe01f sp=0x000000716ebfec20
Event: 8.552 Thread 0x000002002ee3e460 DEOPT UNPACKING pc=0x000002001f912b43 sp=0x000000716ebfe078 mode 3

Classes unloaded (0 events):
No events

Classes redefined (0 events):
No events

Internal exceptions (20 events):
Event: 8.330 Thread 0x000002002ed7c1e0 Exception <a 'sun/nio/fs/WindowsException'{0x000000074ca42268}> (0x000000074ca42268) 
thrown [s\src\hotspot\share\prims\jni.cpp, line 516]
Event: 8.330 Thread 0x000002002ed7c1e0 Exception <a 'sun/nio/fs/WindowsException'{0x000000074ca42678}> (0x000000074ca42678) 
thrown [s\src\hotspot\share\prims\jni.cpp, line 516]
Event: 8.330 Thread 0x000002002ed7c1e0 Exception <a 'sun/nio/fs/WindowsException'{0x000000074cb9aad8}> (0x000000074cb9aad8) 
thrown [s\src\hotspot\share\prims\jni.cpp, line 516]
Event: 8.331 Thread 0x000002002ed7c1e0 Exception <a 'sun/nio/fs/WindowsException'{0x000000074cb9aeb8}> (0x000000074cb9aeb8) 
thrown [s\src\hotspot\share\prims\jni.cpp, line 516]
Event: 8.331 Thread 0x000002002ed7c1e0 Exception <a 'sun/nio/fs/WindowsException'{0x000000074cb9b8a8}> (0x000000074cb9b8a8) 
thrown [s\src\hotspot\share\prims\jni.cpp, line 516]
Event: 8.331 Thread 0x000002002ed7c1e0 Exception <a 'sun/nio/fs/WindowsException'{0x000000074cb9bc50}> (0x000000074cb9bc50) 
thrown [s\src\hotspot\share\prims\jni.cpp, line 516]
Event: 8.331 Thread 0x000002002ed7c1e0 Exception <a 'sun/nio/fs/WindowsException'{0x000000074cb9c650}> (0x000000074cb9c650) 
thrown [s\src\hotspot\share\prims\jni.cpp, line 516]
Event: 8.331 Thread 0x000002002ed7c1e0 Exception <a 'sun/nio/fs/WindowsException'{0x000000074cb9ca10}> (0x000000074cb9ca10) 
thrown [s\src\hotspot\share\prims\jni.cpp, line 516]
Event: 8.331 Thread 0x000002002ed7c1e0 Exception <a 'sun/nio/fs/WindowsException'{0x000000074cb9d410}> (0x000000074cb9d410) 
thrown [s\src\hotspot\share\prims\jni.cpp, line 516]
Event: 8.331 Thread 0x000002002ed7c1e0 Exception <a 'sun/nio/fs/WindowsException'{0x000000074cb9d7c0}> (0x000000074cb9d7c0) 
thrown [s\src\hotspot\share\prims\jni.cpp, line 516]
Event: 8.331 Thread 0x000002002ed7c1e0 Exception <a 'sun/nio/fs/WindowsException'{0x000000074cb9e1c0}> (0x000000074cb9e1c0) 
thrown [s\src\hotspot\share\prims\jni.cpp, line 516]
Event: 8.331 Thread 0x000002002ed7c1e0 Exception <a 'sun/nio/fs/WindowsException'{0x000000074cb9e580}> (0x000000074cb9e580) 
thrown [s\src\hotspot\share\prims\jni.cpp, line 516]
Event: 8.332 Thread 0x000002002ed7c1e0 Exception <a 'sun/nio/fs/WindowsException'{0x000000074cb9efa8}> (0x000000074cb9efa8) 
thrown [s\src\hotspot\share\prims\jni.cpp, line 516]
Event: 8.332 Thread 0x000002002ed7c1e0 Exception <a 'sun/nio/fs/WindowsException'{0x000000074cb9f388}> (0x000000074cb9f388) 
thrown [s\src\hotspot\share\prims\jni.cpp, line 516]
Event: 8.332 Thread 0x000002002ed7c1e0 Exception <a 'sun/nio/fs/WindowsException'{0x000000074cb9fdc0}> (0x000000074cb9fdc0) 
thrown [s\src\hotspot\share\prims\jni.cpp, line 516]
Event: 8.332 Thread 0x000002002ed7c1e0 Exception <a 'sun/nio/fs/WindowsException'{0x000000074cba01b0}> (0x000000074cba01b0) 
thrown [s\src\hotspot\share\prims\jni.cpp, line 516]
Event: 8.332 Thread 0x000002002ed7c1e0 Exception <a 'sun/nio/fs/WindowsException'{0x000000074cba0bd8}> (0x000000074cba0bd8) 
thrown [s\src\hotspot\share\prims\jni.cpp, line 516]
Event: 8.332 Thread 0x000002002ed7c1e0 Exception <a 'sun/nio/fs/WindowsException'{0x000000074cba0fc8}> (0x000000074cba0fc8) 
thrown [s\src\hotspot\share\prims\jni.cpp, line 516]
Event: 8.380 Thread 0x000002002ecdc9f0 Exception <a 'java/lang/NoSuchMethodError'{0x00000007539f2188}: 'int java.lang.invoke.DirectMethodHandle$Holder.invokeStatic(java.lang.Object)'> (0x00000007539f2188) 
thrown [s\src\hotspot\share\interpreter\linkResolver.cpp, line 759]
Event: 8.380 Thread 0x000002002ecdc9f0 Exception <a 'java/lang/NoSuchMethodError'{0x000000074cc930e0}: 'int java.lang.invoke.DirectMethodHandle$Holder.invokeStaticInit(java.lang.Object)'> (0x000000074cc930e0) 
thrown [s\src\hotspot\share\interpreter\linkResolver.cpp, line 759]

VM Operations (20 events):
Event: 8.910 Executing VM operation: G1CollectForAllocation done
Event: 8.910 Executing VM operation: G1CollectForAllocation
Event: 8.913 Executing VM operation: G1CollectForAllocation done
Event: 8.923 Executing VM operation: G1CollectForAllocation
Event: 8.924 Executing VM operation: G1CollectForAllocation done
Event: 8.924 Executing VM operation: G1CollectForAllocation
Event: 8.934 Executing VM operation: G1CollectForAllocation done
Event: 9.001 Executing VM operation: G1CollectForAllocation
Event: 9.002 Executing VM operation: G1CollectForAllocation done
Event: 9.002 Executing VM operation: G1CollectForAllocation
Event: 9.008 Executing VM operation: G1CollectForAllocation done
Event: 9.059 Executing VM operation: G1CollectForAllocation
Event: 9.060 Executing VM operation: G1CollectForAllocation done
Event: 9.060 Executing VM operation: G1CollectForAllocation
Event: 9.068 Executing VM operation: G1CollectForAllocation done
Event: 9.106 Executing VM operation: G1CollectForAllocation
Event: 9.106 Executing VM operation: G1CollectForAllocation done
Event: 9.106 Executing VM operation: G1CollectForAllocation
Event: 9.118 Executing VM operation: G1CollectForAllocation done
Event: 9.157 Executing VM operation: G1CollectForAllocation

Events (20 events):
Event: 8.444 loading class java/util/concurrent/locks/AbstractQueuedSynchronizer$SharedNode done
Event: 8.444 loading class jdk/internal/module/SystemModuleFinders$ModuleContentSpliterator
Event: 8.444 loading class jdk/internal/module/SystemModuleFinders$ModuleContentSpliterator done
Event: 8.444 loading class jdk/internal/jimage/ImageReader$Directory
Event: 8.444 loading class jdk/internal/jimage/ImageReader$Node
Event: 8.445 loading class jdk/internal/jimage/ImageReader$Node done
Event: 8.445 loading class jdk/internal/jimage/ImageReader$Directory done
Event: 8.445 loading class jdk/internal/jimage/ImageReader$SharedImageReader$LocationVisitor
Event: 8.445 loading class jdk/internal/jimage/ImageReader$SharedImageReader$LocationVisitor done
Event: 8.445 loading class java/nio/ByteBufferAsIntBufferL
Event: 8.445 loading class java/nio/ByteBufferAsIntBufferL done
Event: 8.446 loading class jdk/internal/jimage/ImageReader$Resource
Event: 8.446 loading class jdk/internal/jimage/ImageReader$Resource done
Event: 8.447 loading class java/util/stream/LongStream
Event: 8.447 loading class java/util/stream/LongStream done
Event: 8.447 loading class java/util/stream/DoubleStream
Event: 8.447 loading class java/util/stream/DoubleStream done
Event: 8.847 Thread 0x0000020031531640 Thread added: 0x0000020031531640
Event: 8.847 Thread 0x0000020031547a10 Thread added: 0x0000020031547a10
Event: 8.848 Thread 0x0000020031548be0 Thread added: 0x0000020031548be0


Dynamic libraries:
0x00007ff6686f0000 - 0x00007ff6686fe000 	c:\Users\pedro\.vscode\extensions\redhat.java-1.12.0-win32-x64\jre\17.0.4.1-win32-x86_64\bin\java.exe
0x00007ff81fe70000 - 0x00007ff820068000 	C:\Windows\SYSTEM32\ntdll.dll
0x00007ff81f2f0000 - 0x00007ff81f3ad000 	C:\Windows\System32\KERNEL32.DLL
0x00007ff81d6c0000 - 0x00007ff81d993000 	C:\Windows\System32\KERNELBASE.dll
0x00007ff81d570000 - 0x00007ff81d670000 	C:\Windows\System32\ucrtbase.dll
0x00007ff804e20000 - 0x00007ff804e38000 	c:\Users\pedro\.vscode\extensions\redhat.java-1.12.0-win32-x64\jre\17.0.4.1-win32-x86_64\bin\jli.dll
0x00007ff804060000 - 0x00007ff804079000 	c:\Users\pedro\.vscode\extensions\redhat.java-1.12.0-win32-x64\jre\17.0.4.1-win32-x86_64\bin\VCRUNTIME140.dll
0x00007ff81ec10000 - 0x00007ff81edae000 	C:\Windows\System32\USER32.dll
0x00007ff81dd40000 - 0x00007ff81dd62000 	C:\Windows\System32\win32u.dll
0x00007ff8076c0000 - 0x00007ff80795a000 	C:\Windows\WinSxS\amd64_microsoft.windows.common-controls_6595b64144ccf1df_6.0.19041.1110_none_60b5254171f9507e\COMCTL32.dll
0x00007ff81dfa0000 - 0x00007ff81dfcc000 	C:\Windows\System32\GDI32.dll
0x00007ff81dfd0000 - 0x00007ff81e06e000 	C:\Windows\System32\msvcrt.dll
0x00007ff81da10000 - 0x00007ff81db24000 	C:\Windows\System32\gdi32full.dll
0x00007ff81db60000 - 0x00007ff81dbfd000 	C:\Windows\System32\msvcp_win.dll
0x00007ff81f3b0000 - 0x00007ff81f3e0000 	C:\Windows\System32\IMM32.DLL
0x00007ff816210000 - 0x00007ff81621c000 	c:\Users\pedro\.vscode\extensions\redhat.java-1.12.0-win32-x64\jre\17.0.4.1-win32-x86_64\bin\vcruntime140_1.dll
0x00007fffd34b0000 - 0x00007fffd3541000 	c:\Users\pedro\.vscode\extensions\redhat.java-1.12.0-win32-x64\jre\17.0.4.1-win32-x86_64\bin\msvcp140.dll
0x00007fffb8390000 - 0x00007fffb8fd6000 	c:\Users\pedro\.vscode\extensions\redhat.java-1.12.0-win32-x64\jre\17.0.4.1-win32-x86_64\bin\server\jvm.dll
0x00007ff81e070000 - 0x00007ff81e11e000 	C:\Windows\System32\ADVAPI32.dll
0x00007ff81e400000 - 0x00007ff81e49c000 	C:\Windows\System32\sechost.dll
0x00007ff81ef00000 - 0x00007ff81f025000 	C:\Windows\System32\RPCRT4.dll
0x00007ff81e3e0000 - 0x00007ff81e3e8000 	C:\Windows\System32\PSAPI.DLL
0x00007ff812510000 - 0x00007ff812537000 	C:\Windows\SYSTEM32\WINMM.dll
0x00007ff8143d0000 - 0x00007ff8143da000 	C:\Windows\SYSTEM32\VERSION.dll
0x00007ff808000000 - 0x00007ff808009000 	C:\Windows\SYSTEM32\WSOCK32.dll
0x00007ff81ee90000 - 0x00007ff81eefb000 	C:\Windows\System32\WS2_32.dll
0x00007ff81b430000 - 0x00007ff81b442000 	C:\Windows\SYSTEM32\kernel.appcore.dll
0x00007ff8150a0000 - 0x00007ff8150aa000 	c:\Users\pedro\.vscode\extensions\redhat.java-1.12.0-win32-x64\jre\17.0.4.1-win32-x86_64\bin\jimage.dll
0x00007ff8151e0000 - 0x00007ff8153c4000 	C:\Windows\SYSTEM32\DBGHELP.DLL
0x00007ff80c650000 - 0x00007ff80c67c000 	C:\Windows\SYSTEM32\dbgcore.DLL
0x00007ff81dcb0000 - 0x00007ff81dd32000 	C:\Windows\System32\bcryptPrimitives.dll
0x00007ff802cd0000 - 0x00007ff802cf5000 	c:\Users\pedro\.vscode\extensions\redhat.java-1.12.0-win32-x64\jre\17.0.4.1-win32-x86_64\bin\java.dll
0x00007ff8017c0000 - 0x00007ff8017d8000 	c:\Users\pedro\.vscode\extensions\redhat.java-1.12.0-win32-x64\jre\17.0.4.1-win32-x86_64\bin\zip.dll
0x00007ff81e4c0000 - 0x00007ff81ec03000 	C:\Windows\System32\SHELL32.dll
0x00007ff81b630000 - 0x00007ff81bdc4000 	C:\Windows\SYSTEM32\windows.storage.dll
0x00007ff81f9d0000 - 0x00007ff81fd24000 	C:\Windows\System32\combase.dll
0x00007ff81cf60000 - 0x00007ff81cf90000 	C:\Windows\SYSTEM32\Wldp.dll
0x00007ff81e330000 - 0x00007ff81e3dd000 	C:\Windows\System32\SHCORE.dll
0x00007ff81e2d0000 - 0x00007ff81e325000 	C:\Windows\System32\shlwapi.dll
0x00007ff81d4b0000 - 0x00007ff81d4cf000 	C:\Windows\SYSTEM32\profapi.dll
0x00007ffffff20000 - 0x00007ffffff39000 	C:\Users\pedro\.vscode\extensions\redhat.java-1.12.0-win32-x64\jre\17.0.4.1-win32-x86_64\bin\net.dll
0x00007ff80fbe0000 - 0x00007ff80fced000 	C:\Windows\SYSTEM32\WINHTTP.dll
0x00007ff81ccc0000 - 0x00007ff81cd2a000 	C:\Windows\system32\mswsock.dll
0x00007ffffefd0000 - 0x00007ffffefe5000 	C:\Users\pedro\.vscode\extensions\redhat.java-1.12.0-win32-x64\jre\17.0.4.1-win32-x86_64\bin\nio.dll
0x00007ff814b80000 - 0x00007ff814b90000 	c:\Users\pedro\.vscode\extensions\redhat.java-1.12.0-win32-x64\jre\17.0.4.1-win32-x86_64\bin\verify.dll
0x00007ff80a910000 - 0x00007ff80a919000 	C:\Users\pedro\.vscode\extensions\redhat.java-1.12.0-win32-x64\jre\17.0.4.1-win32-x86_64\bin\management.dll
0x00007ff80a7c0000 - 0x00007ff80a7cb000 	C:\Users\pedro\.vscode\extensions\redhat.java-1.12.0-win32-x64\jre\17.0.4.1-win32-x86_64\bin\management_ext.dll
0x00007ff804000000 - 0x00007ff804017000 	C:\Windows\system32\napinsp.dll
0x00007ff802950000 - 0x00007ff80296b000 	C:\Windows\system32\pnrpnsp.dll
0x00007ff817390000 - 0x00007ff8173a5000 	C:\Windows\system32\wshbth.dll
0x00007ff818f00000 - 0x00007ff818f1d000 	C:\Windows\system32\NLAapi.dll
0x00007ff81c940000 - 0x00007ff81c97b000 	C:\Windows\SYSTEM32\IPHLPAPI.DLL
0x00007ff81c980000 - 0x00007ff81ca4a000 	C:\Windows\SYSTEM32\DNSAPI.dll
0x00007ff81fdc0000 - 0x00007ff81fdc8000 	C:\Windows\System32\NSI.dll
0x00007ff802930000 - 0x00007ff802942000 	C:\Windows\System32\winrnr.dll
0x00007ff80fb20000 - 0x00007ff80fb2a000 	C:\Windows\System32\rasadhlp.dll
0x00007ff80fb60000 - 0x00007ff80fbe0000 	C:\Windows\System32\fwpuclnt.dll
0x00007ff81db30000 - 0x00007ff81db57000 	C:\Windows\System32\bcrypt.dll
0x00007ff81ceb0000 - 0x00007ff81cec8000 	C:\Windows\SYSTEM32\CRYPTSP.dll
0x00007ff81c570000 - 0x00007ff81c5a4000 	C:\Windows\system32\rsaenh.dll
0x00007ff81d430000 - 0x00007ff81d45e000 	C:\Windows\SYSTEM32\USERENV.dll
0x00007ff81ced0000 - 0x00007ff81cedc000 	C:\Windows\SYSTEM32\CRYPTBASE.dll
0x00007ff814850000 - 0x00007ff814867000 	C:\Windows\SYSTEM32\dhcpcsvc6.DLL
0x00007ff815cc0000 - 0x00007ff815cdd000 	C:\Windows\SYSTEM32\dhcpcsvc.DLL

dbghelp: loaded successfully - version: 4.0.5 - missing functions: none
symbol engine: initialized successfully - sym options: 0x614 - pdb path: .;c:\Users\pedro\.vscode\extensions\redhat.java-1.12.0-win32-x64\jre\17.0.4.1-win32-x86_64\bin;C:\Windows\SYSTEM32;C:\Windows\WinSxS\amd64_microsoft.windows.common-controls_6595b64144ccf1df_6.0.19041.1110_none_60b5254171f9507e;c:\Users\pedro\.vscode\extensions\redhat.java-1.12.0-win32-x64\jre\17.0.4.1-win32-x86_64\bin\server

VM Arguments:
jvm_args: -Dsts.lsp.client=vscode -Dsts.log.file=/dev/null -XX:TieredStopAtLevel=1 -Xlog:jni+resolve=off -Dspring.config.location=file:c:\Users\pedro\.vscode\extensions\pivotal.vscode-spring-boot-1.40.0\language-server\BOOT-INF\classes\application.properties 
java_command: org.springframework.ide.vscode.boot.app.BootLanguageServerBootApp
java_class_path (initial): c:\Users\pedro\.vscode\extensions\pivotal.vscode-spring-boot-1.40.0\language-server\BOOT-INF\classes;c:\Users\pedro\.vscode\extensions\pivotal.vscode-spring-boot-1.40.0\language-server\BOOT-INF\lib\annotations-23.0.0.jar;c:\Users\pedro\.vscode\extensions\pivotal.vscode-spring-boot-1.40.0\language-server\BOOT-INF\lib\ant-1.10.12.jar;c:\Users\pedro\.vscode\extensions\pivotal.vscode-spring-boot-1.40.0\language-server\BOOT-INF\lib\ant-launcher-1.10.12.jar;c:\Users\pedro\.vscode\extensions\pivotal.vscode-spring-boot-1.40.0\language-server\BOOT-INF\lib\antlr-runtime-3.5.2.jar;c:\Users\pedro\.vscode\extensions\pivotal.vscode-spring-boot-1.40.0\language-server\BOOT-INF\lib\antlr4-4.9.3.jar;c:\Users\pedro\.vscode\extensions\pivotal.vscode-spring-boot-1.40.0\language-server\BOOT-INF\lib\antlr4-runtime-4.9.3.jar;c:\Users\pedro\.vscode\extensions\pivotal.vscode-spring-boot-1.40.0\language-server\BOOT-INF\lib\asm-9.3.jar;c:\Users\pedro\.vscode\extensions\pivotal.vscode-spring-boot-1.40.0\language-server\BOOT-INF\lib\asm-analysis-9.3.jar;c:\Users\pedro\.vscode\extensions\pivotal.vscode-spring-boot-1.40.0\language-server\BOOT-INF\lib\asm-tree-9.3.jar;c:\Users\pedro\.vscode\extensions\pivotal.vscode-spring-boot-1.40.0\language-server\BOOT-INF\lib\asm-util-9.3.jar;c:\Users\pedro\.vscode\extensions\pivotal.vscode-spring-boot-1.40.0\language-server\BOOT-INF\lib\byte-buddy-1.12.13.jar;c:\Users\pedro\.vscode\extensions\pivotal.vscode-spring-boot-1.40.0\language-server\BOOT-INF\lib\caffeine-2.9.3.jar;c:\Users\pedro\.vscode\extensions\pivotal.vscode-spring-boot-1.40.0\language-server\BOOT-INF\lib\checker-qual-3.12.0.jar;c:\Users\pedro\.vscode\extensions\pivotal.vscode-spring-boot-1.40.0\language-server\BOOT-INF\lib\classgraph-4.8.149.jar;c:\Users\pedro\.vscode\extensions\pivotal.vscode-spring-boot-1.40.0\language-server\BOOT-INF\lib\commons-codec-1.15.jar;c:\Users\pedro\.vscode\extensions\pivotal.vscode-spring-boot-1.40.0\language-server\BOOT-INF\lib\commons-c
Launcher Type: SUN_STANDARD

[Global flags]
     intx CICompilerCount                          = 12                                        {product} {ergonomic}
     uint ConcGCThreads                            = 3                                         {product} {ergonomic}
     uint G1ConcRefinementThreads                  = 13                                        {product} {ergonomic}
   size_t G1HeapRegionSize                         = 2097152                                   {product} {ergonomic}
    uintx GCDrainStackTargetSize                   = 64                                        {product} {ergonomic}
   size_t InitialHeapSize                          = 190840832                                 {product} {ergonomic}
   size_t MarkStackSize                            = 4194304                                   {product} {ergonomic}
   size_t MaxHeapSize                              = 3049259008                                {product} {ergonomic}
   size_t MaxNewSize                               = 1828716544                                {product} {ergonomic}
   size_t MinHeapDeltaBytes                        = 2097152                                   {product} {ergonomic}
   size_t MinHeapSize                              = 8388608                                   {product} {ergonomic}
    uintx NonProfiledCodeHeapSize                  = 0                                      {pd product} {ergonomic}
     bool ProfileInterpreter                       = false                                  {pd product} {command line}
    uintx ProfiledCodeHeapSize                     = 0                                      {pd product} {ergonomic}
   size_t SoftMaxHeapSize                          = 3049259008                             {manageable} {ergonomic}
     intx TieredStopAtLevel                        = 1                                         {product} {command line}
     bool UseCompressedClassPointers               = true                           {product lp64_product} {ergonomic}
     bool UseCompressedOops                        = true                           {product lp64_product} {ergonomic}
     bool UseG1GC                                  = true                                      {product} {ergonomic}
     bool UseLargePagesIndividualAllocation        = false                                  {pd product} {ergonomic}

Logging:
Log output configuration:
 #0: stdout all=warning,jni+resolve=off uptime,level,tags
 #1: stderr all=off uptime,level,tags

Environment Variables:
JAVA_HOME=C:\Program Files\Java\jdk-18.0.2.1
CLASSPATH=C:\Program Files\Java\jdk-18.0.2.1\lib\tools.jar.;
PATH=C:\Program Files\Common Files\Oracle\Java\javapath;C:\Program Files (x86)\Common Files\Oracle\Java\javapath_target_3172421;C:\apache-maven-3.8.6\bin;C:\Program Files\Java\jdk-18.0.2.1\bin;C:\Program Files\Git\cmd;C:\Program Files\Git\mingw64\bin;C:\Program Files\Git\usr\bin;C:\Program Files\nodejs\;C:\Program Files\MySQL\MySQL Shell 8.0\bin\;C:\Users\pedro\AppData\Local\Microsoft\WindowsApps;C:\Users\pedro\AppData\Local\Programs\Microsoft VS Code\bin;C:\Users\pedro\AppData\Local\GitHubDesktop\bin;C:\Users\pedro\AppData\Roaming\npm
USERNAME=pedro
OS=Windows_NT
PROCESSOR_IDENTIFIER=AMD64 Family 23 Model 104 Stepping 1, AuthenticAMD
TMP=C:\Users\pedro\AppData\Local\Temp
TEMP=C:\Users\pedro\AppData\Local\Temp



---------------  S Y S T E M  ---------------

OS:
 Windows 10 , 64 bit Build 19041 (10.0.19041.1889)
OS uptime: 5 days 10:38 hours

CPU: total 16 (initial active 16) (16 cores per cpu, 2 threads per core) family 23 model 104 stepping 1 microcode 0x0, cx8, cmov, fxsr, ht, mmx, 3dnowpref, sse, sse2, sse3, ssse3, sse4a, sse4.1, sse4.2, popcnt, lzcnt, tsc, tscinvbit, avx, avx2, aes, clmul, bmi1, bmi2, adx, sha, fma, vzeroupper, clflush, clflushopt

Memory: 4k page, system-wide physical 11626M (2547M free)
TotalPageFile size 13302M (AvailPageFile size 252M)
current process WorkingSet (physical memory assigned to process): 497M, peak: 497M
current process commit charge ("private bytes"): 544M, peak: 1176M

vm_info: OpenJDK 64-Bit Server VM (17.0.4.1+1) for windows-amd64 JRE (17.0.4.1+1), built on Aug 17 2022 07:42:43 by "temurin" with MS VC++ 16.7 (VS2019)

END.
